<?xml version="1.0" encoding="UTF-8"?>
<testng-results total="1" passed="1" failed="0" skipped="0">
  <reporter-output>
  </reporter-output>
  <suite started-at="2023-10-19T20:57:27Z" name="Suite" finished-at="2023-10-19T20:57:27Z" duration-ms="15">
    <groups>
    </groups>
    <test started-at="2023-10-19T20:57:27Z" name="Test" finished-at="2023-10-19T20:57:27Z" duration-ms="15">
      <class name="com.ca.fortest.TryTest">
        <test-method signature="f()[pri:0, instance:com.ca.fortest.TryTest@ed9d034]" started-at="2023-10-19T13:57:27Z" name="f" finished-at="2023-10-19T13:57:27Z" duration-ms="9" status="PASS">
          <reporter-output>
          </reporter-output>
        </test-method> <!-- f -->
      </class> <!-- com.ca.fortest.TryTest -->
    </test> <!-- Test -->
  </suite> <!-- Suite -->
</testng-results>
