<?xml version="1.0" encoding="UTF-8"?>
<testng-results total="3" passed="3" failed="0" skipped="0">
  <reporter-output>
  </reporter-output>
  <suite started-at="2023-10-19T20:59:24Z" name="Suite" finished-at="2023-10-19T20:59:24Z" duration-ms="26">
    <groups>
    </groups>
    <test started-at="2023-10-19T20:59:24Z" name="Test" finished-at="2023-10-19T20:59:24Z" duration-ms="26">
      <class name="com.ca.fortest.TryTest3">
        <test-method signature="f3()[pri:0, instance:com.ca.fortest.TryTest3@55b0dcab]" started-at="2023-10-19T13:59:24Z" name="f3" finished-at="2023-10-19T13:59:24Z" duration-ms="3" status="PASS">
          <reporter-output>
          </reporter-output>
        </test-method> <!-- f3 -->
      </class> <!-- com.ca.fortest.TryTest3 -->
      <class name="com.ca.fortest.TryTest">
        <test-method signature="f()[pri:0, instance:com.ca.fortest.TryTest@77f1baf5]" started-at="2023-10-19T13:59:24Z" name="f" finished-at="2023-10-19T13:59:24Z" duration-ms="9" status="PASS">
          <reporter-output>
          </reporter-output>
        </test-method> <!-- f -->
      </class> <!-- com.ca.fortest.TryTest -->
      <class name="com.ca.fortest.TryTest2">
        <test-method signature="f2()[pri:0, instance:com.ca.fortest.TryTest2@131ef10]" started-at="2023-10-19T13:59:24Z" name="f2" finished-at="2023-10-19T13:59:24Z" duration-ms="1" status="PASS">
          <reporter-output>
          </reporter-output>
        </test-method> <!-- f2 -->
      </class> <!-- com.ca.fortest.TryTest2 -->
    </test> <!-- Test -->
  </suite> <!-- Suite -->
</testng-results>
